<?xml version="1.0" encoding="UTF-8"?>
<!-- Generated by org.testng.reporters.JUnitReportReporter -->
<testsuite hostname="Babu" failures="0" tests="10" name="testRunner.AppTest" time="18.445" errors="0" timestamp="06 May 2025 07:27:16 GMT" skipped="10">
  <testcase classname="testRunner.AppTest" name="runScenario" time="1.702">
    <skipped/>
  </testcase> <!-- runScenario -->
  <testcase classname="testRunner.AppTest" name="runScenario" time="2.006">
    <skipped/>
  </testcase> <!-- runScenario -->
  <testcase classname="testRunner.AppTest" name="runScenario" time="1.928">
    <skipped/>
  </testcase> <!-- runScenario -->
  <testcase classname="testRunner.AppTest" name="runScenario" time="1.727">
    <skipped/>
  </testcase> <!-- runScenario -->
  <testcase classname="testRunner.AppTest" name="runScenario" time="2.727">
    <skipped/>
  </testcase> <!-- runScenario -->
  <testcase classname="testRunner.AppTest" name="runScenario" time="1.461">
    <skipped/>
  </testcase> <!-- runScenario -->
  <testcase classname="testRunner.AppTest" name="runScenario" time="1.441">
    <skipped/>
  </testcase> <!-- runScenario -->
  <testcase classname="testRunner.AppTest" name="runScenario" time="1.525">
    <skipped/>
  </testcase> <!-- runScenario -->
  <testcase classname="testRunner.AppTest" name="runScenario" time="1.685">
    <skipped/>
  </testcase> <!-- runScenario -->
  <testcase classname="testRunner.AppTest" name="runScenario" time="2.243">
    <skipped/>
  </testcase> <!-- runScenario -->
</testsuite> <!-- testRunner.AppTest -->
